0 verbose cli [
0 verbose cli   '/usr/local/lib/node_modules/node/bin/node',
0 verbose cli   '/usr/bin/npm',
0 verbose cli   'audit',
0 verbose cli   'fix',
0 verbose cli   '-g'
0 verbose cli ]
1 info using npm@8.1.2
2 info using node@v16.13.1
3 timing npm:load:whichnode Completed in 0ms
4 timing config:load:defaults Completed in 2ms
5 timing config:load:file:/usr/lib/node_modules/npm/npmrc Completed in 1ms
6 timing config:load:builtin Completed in 1ms
7 timing config:load:cli Completed in 3ms
8 timing config:load:env Completed in 0ms
9 timing config:load:project Completed in 2ms
10 timing config:load:file:/home/shaurya/.npmrc Completed in 0ms
11 timing config:load:user Completed in 1ms
12 timing config:load:file:/usr/local/lib/node_modules/node/etc/npmrc Completed in 0ms
13 timing config:load:global Completed in 0ms
14 timing config:load:validate Completed in 1ms
15 timing config:load:credentials Completed in 1ms
16 timing config:load:setEnvs Completed in 1ms
17 timing config:load Completed in 13ms
18 timing npm:load:configload Completed in 14ms
19 timing npm:load:setTitle Completed in 0ms
20 timing npm:load:setupLog Completed in 0ms
21 timing config:load:flatten Completed in 4ms
22 timing npm:load:cleanupLog Completed in 3ms
23 timing npm:load:configScope Completed in 0ms
24 timing npm:load:projectScope Completed in 1ms
25 timing npm:load Completed in 25ms
26 timing arborist:ctor Completed in 1ms
27 timing command:audit Completed in 3ms
28 verbose stack Error: `npm audit` does not support testing globals
28 verbose stack     at Arborist.audit (/usr/lib/node_modules/npm/node_modules/@npmcli/arborist/lib/arborist/audit.js:15:9)
28 verbose stack     at Audit.audit (/usr/lib/node_modules/npm/lib/audit.js:66:15)
28 verbose stack     at Audit.exec (/usr/lib/node_modules/npm/lib/audit.js:51:10)
28 verbose stack     at Object.[_runCmd] (/usr/lib/node_modules/npm/lib/npm.js:166:12)
28 verbose stack     at /usr/lib/node_modules/npm/lib/npm.js:24:35
28 verbose stack     at module.exports (/usr/lib/node_modules/npm/lib/cli.js:74:5)
29 verbose cwd /home/shaurya
30 verbose Linux 5.15.8-76051508-generic
31 verbose argv "/usr/local/lib/node_modules/node/bin/node" "/usr/bin/npm" "audit" "fix" "-g"
32 verbose node v16.13.1
33 verbose npm  v8.1.2
34 error code EAUDITGLOBAL
35 error `npm audit` does not support testing globals
36 verbose exit 1
