0 verbose cli [
0 verbose cli   '/usr/local/lib/node_modules/node/bin/node',
0 verbose cli   '/usr/bin/npm',
0 verbose cli   'audit',
0 verbose cli   'fix'
0 verbose cli ]
1 info using npm@8.1.2
2 info using node@v16.13.1
3 timing npm:load:whichnode Completed in 0ms
4 timing config:load:defaults Completed in 2ms
5 timing config:load:file:/usr/lib/node_modules/npm/npmrc Completed in 1ms
6 timing config:load:builtin Completed in 1ms
7 timing config:load:cli Completed in 2ms
8 timing config:load:env Completed in 1ms
9 timing config:load:project Completed in 1ms
10 timing config:load:file:/home/shaurya/.npmrc Completed in 0ms
11 timing config:load:user Completed in 0ms
12 timing config:load:file:/usr/local/lib/node_modules/node/etc/npmrc Completed in 1ms
13 timing config:load:global Completed in 1ms
14 timing config:load:validate Completed in 0ms
15 timing config:load:credentials Completed in 1ms
16 timing config:load:setEnvs Completed in 1ms
17 timing config:load Completed in 11ms
18 timing npm:load:configload Completed in 11ms
19 timing npm:load:setTitle Completed in 0ms
20 timing npm:load:setupLog Completed in 0ms
21 timing config:load:flatten Completed in 3ms
22 timing npm:load:cleanupLog Completed in 3ms
23 timing npm:load:configScope Completed in 0ms
24 timing npm:load:projectScope Completed in 0ms
25 timing npm:load Completed in 20ms
26 timing arborist:ctor Completed in 1ms
27 timing command:audit Completed in 21ms
28 verbose stack Error: loadVirtual requires existing shrinkwrap file
28 verbose stack     at Arborist.loadVirtual (/usr/lib/node_modules/npm/node_modules/@npmcli/arborist/lib/arborist/load-virtual.js:62:18)
28 verbose stack     at async Arborist.audit (/usr/lib/node_modules/npm/node_modules/@npmcli/arborist/lib/arborist/audit.js:25:18)
28 verbose stack     at async Audit.audit (/usr/lib/node_modules/npm/lib/audit.js:66:5)
29 verbose cwd /home/shaurya
30 verbose Linux 5.15.8-76051508-generic
31 verbose argv "/usr/local/lib/node_modules/node/bin/node" "/usr/bin/npm" "audit" "fix"
32 verbose node v16.13.1
33 verbose npm  v8.1.2
34 error code ENOLOCK
35 error audit This command requires an existing lockfile.
36 error audit Try creating one first with: npm i --package-lock-only
37 error audit Original error: loadVirtual requires existing shrinkwrap file
38 verbose exit 1
