Validating found git in: git
Using git 2.32.0 from git
Opening repository for path='/home/shaurya/Documents/devkit' failed; ex=Failed to execute git {
  "exitCode": 128,
  "gitErrorCode": "NotAGitRepository",
  "gitCommand": "rev-parse",
  "stdout": "",
  "stderr": "fatal: not a git repository (or any of the parent directories): .git\n"
}
Opening repository for path='/home/shaurya/Documents/devkit' failed; ex=Failed to execute git {
  "exitCode": 128,
  "gitErrorCode": "NotAGitRepository",
  "gitCommand": "rev-parse",
  "stdout": "",
  "stderr": "fatal: not a git repository (or any of the parent directories): .git\n"
}
Opening repository for path='/home/shaurya/Documents/devkit/.config.json' failed; ex=Error: spawn ENOTDIR
Opening repository for path='/home/shaurya/Documents/devkit/README.docx' failed; ex=Error: spawn ENOTDIR
Opening repository for path='/home/shaurya/Documents/devkit/mounter.py' failed; ex=Error: spawn ENOTDIR
Opening repository for path='/home/shaurya/Documents/devkit/mountfile' failed; ex=Error: spawn ENOTDIR
Opening repository for path='/home/shaurya/Documents/devkit/settings.py' failed; ex=Error: spawn ENOTDIR
Opening repository for path='/home/shaurya/Documents/devkit' failed; ex=Failed to execute git {
  "exitCode": 128,
  "gitErrorCode": "NotAGitRepository",
  "gitCommand": "rev-parse",
  "stdout": "",
  "stderr": "fatal: not a git repository (or any of the parent directories): .git\n"
}
Opening repository for path='/home/shaurya/Documents/devkit' failed; ex=Failed to execute git {
  "exitCode": 128,
  "gitErrorCode": "NotAGitRepository",
  "gitCommand": "rev-parse",
  "stdout": "",
  "stderr": "fatal: not a git repository (or any of the parent directories): .git\n"
}
Opening repository for path='/home/shaurya/Documents/devkit' failed; ex=Failed to execute git {
  "exitCode": 128,
  "gitErrorCode": "NotAGitRepository",
  "gitCommand": "rev-parse",
  "stdout": "",
  "stderr": "fatal: not a git repository (or any of the parent directories): .git\n"
}
